<?xml version="1.0" encoding="UTF-8"?>
<testsuite xmlns:xsi="http://www.w3.org/2001/XMLSchema-instance" xsi:noNamespaceSchemaLocation="https://maven.apache.org/surefire/maven-surefire-plugin/xsd/surefire-test-report-3.0.xsd" version="3.0" name="UserInteractionsTest" time="4.024" tests="3" errors="0" skipped="0" failures="0">
  <properties>
[...]
</properties>
  <testcase name="readNickname" classname="UserInteractionsTest" time="0.01">
    <system-out><![CDATA[Veuillez choisir votre pseudo ]]></system-out>
  </testcase>
  <testcase name="displayActiveUsers" classname="UserInteractionsTest" time="0.006"/>
  <testcase name="inscription" classname="UserInteractionsTest" time="4.005"/>
</testsuite>